<?xml version="1.0" encoding="UTF-8"?>
<testsuite xmlns:xsi="http://www.w3.org/2001/XMLSchema-instance" xsi:noNamespaceSchemaLocation="https://maven.apache.org/surefire/maven-surefire-plugin/xsd/surefire-test-report-3.0.xsd" version="3.0" name="es.susosise.organizacion_mvc_objeto_inversa.ModeloTests" time="0.278" tests="6" errors="0" skipped="0" failures="0">
  <properties>
    <property name="java.specification.version" value="17"/>
    <property name="sun.cpu.isalist" value="amd64"/>
    <property name="sun.jnu.encoding" value="Cp1252"/>
    <property name="java.class.path" value="C:\Users\jmurua\Documents\murolaju\aa- material para cursos\aprender_a_programar_software\Mas_alla_del_IF_y_del_WHILE\soluciones_java\MVC_objeto_inversa\target\test-classes;C:\Users\jmurua\Documents\murolaju\aa- material para cursos\aprender_a_programar_software\Mas_alla_del_IF_y_del_WHILE\soluciones_java\MVC_objeto_inversa\target\classes;C:\Users\jmurua\.m2\repository\org\junit\jupiter\junit-jupiter-engine\5.8.2\junit-jupiter-engine-5.8.2.jar;C:\Users\jmurua\.m2\repository\org\junit\platform\junit-platform-engine\1.8.2\junit-platform-engine-1.8.2.jar;C:\Users\jmurua\.m2\repository\org\opentest4j\opentest4j\1.2.0\opentest4j-1.2.0.jar;C:\Users\jmurua\.m2\repository\org\junit\platform\junit-platform-commons\1.8.2\junit-platform-commons-1.8.2.jar;C:\Users\jmurua\.m2\repository\org\junit\jupiter\junit-jupiter-api\5.8.2\junit-jupiter-api-5.8.2.jar;C:\Users\jmurua\.m2\repository\org\apiguardian\apiguardian-api\1.1.2\apiguardian-api-1.1.2.jar;C:\Users\jmurua\.m2\repository\org\mariadb\jdbc\mariadb-java-client\3.0.4\mariadb-java-client-3.0.4.jar;"/>
    <property name="java.vm.vendor" value="Eclipse Adoptium"/>
    <property name="sun.arch.data.model" value="64"/>
    <property name="user.variant" value=""/>
    <property name="java.vendor.url" value="https://adoptium.net/"/>
    <property name="user.timezone" value="Europe/Madrid"/>
    <property name="os.name" value="Windows 11"/>
    <property name="java.vm.specification.version" value="17"/>
    <property name="sun.java.launcher" value="SUN_STANDARD"/>
    <property name="user.country" value="ES"/>
    <property name="sun.boot.library.path" value="C:\Users\jmurua\Documents\eclipse\plugins\org.eclipse.justj.openjdk.hotspot.jre.full.win32.x86_64_17.0.2.v20220201-1208\jre\bin"/>
    <property name="sun.java.command" value="C:\Users\jmurua\AppData\Local\Temp\surefire13901315842121582471\surefirebooter15985912950482746000.jar C:\Users\jmurua\AppData\Local\Temp\surefire13901315842121582471 2022-06-22T15-52-21_627-jvmRun1 surefire17994674325146732876tmp surefire_017654446149354012639tmp"/>
    <property name="jdk.debug" value="release"/>
    <property name="surefire.test.class.path" value="C:\Users\jmurua\Documents\murolaju\aa- material para cursos\aprender_a_programar_software\Mas_alla_del_IF_y_del_WHILE\soluciones_java\MVC_objeto_inversa\target\test-classes;C:\Users\jmurua\Documents\murolaju\aa- material para cursos\aprender_a_programar_software\Mas_alla_del_IF_y_del_WHILE\soluciones_java\MVC_objeto_inversa\target\classes;C:\Users\jmurua\.m2\repository\org\junit\jupiter\junit-jupiter-engine\5.8.2\junit-jupiter-engine-5.8.2.jar;C:\Users\jmurua\.m2\repository\org\junit\platform\junit-platform-engine\1.8.2\junit-platform-engine-1.8.2.jar;C:\Users\jmurua\.m2\repository\org\opentest4j\opentest4j\1.2.0\opentest4j-1.2.0.jar;C:\Users\jmurua\.m2\repository\org\junit\platform\junit-platform-commons\1.8.2\junit-platform-commons-1.8.2.jar;C:\Users\jmurua\.m2\repository\org\junit\jupiter\junit-jupiter-api\5.8.2\junit-jupiter-api-5.8.2.jar;C:\Users\jmurua\.m2\repository\org\apiguardian\apiguardian-api\1.1.2\apiguardian-api-1.1.2.jar;C:\Users\jmurua\.m2\repository\org\mariadb\jdbc\mariadb-java-client\3.0.4\mariadb-java-client-3.0.4.jar;"/>
    <property name="sun.cpu.endian" value="little"/>
    <property name="user.home" value="C:\Users\jmurua"/>
    <property name="user.language" value="es"/>
    <property name="java.specification.vendor" value="Oracle Corporation"/>
    <property name="java.version.date" value="2022-01-18"/>
    <property name="java.home" value="C:\Users\jmurua\Documents\eclipse\plugins\org.eclipse.justj.openjdk.hotspot.jre.full.win32.x86_64_17.0.2.v20220201-1208\jre"/>
    <property name="file.separator" value="\"/>
    <property name="basedir" value="C:\Users\jmurua\Documents\murolaju\aa- material para cursos\aprender_a_programar_software\Mas_alla_del_IF_y_del_WHILE\soluciones_java\MVC_objeto_inversa"/>
    <property name="java.vm.compressedOopsMode" value="Zero based"/>
    <property name="line.separator" value="&#10;"/>
    <property name="java.vm.specification.vendor" value="Oracle Corporation"/>
    <property name="java.specification.name" value="Java Platform API Specification"/>
    <property name="surefire.real.class.path" value="C:\Users\jmurua\AppData\Local\Temp\surefire13901315842121582471\surefirebooter15985912950482746000.jar"/>
    <property name="user.script" value=""/>
    <property name="sun.management.compiler" value="HotSpot 64-Bit Tiered Compilers"/>
    <property name="java.runtime.version" value="17.0.2+8"/>
    <property name="user.name" value="jmurua"/>
    <property name="path.separator" value=";"/>
    <property name="os.version" value="10.0"/>
    <property name="java.runtime.name" value="OpenJDK Runtime Environment"/>
    <property name="file.encoding" value="Cp1252"/>
    <property name="java.vm.name" value="OpenJDK 64-Bit Server VM"/>
    <property name="java.vendor.version" value="Temurin-17.0.2+8"/>
    <property name="localRepository" value="C:\Users\jmurua\.m2\repository"/>
    <property name="java.vendor.url.bug" value="https://github.com/adoptium/adoptium-support/issues"/>
    <property name="java.io.tmpdir" value="C:\Users\jmurua\AppData\Local\Temp\"/>
    <property name="java.version" value="17.0.2"/>
    <property name="user.dir" value="C:\Users\jmurua\Documents\murolaju\aa- material para cursos\aprender_a_programar_software\Mas_alla_del_IF_y_del_WHILE\soluciones_java\MVC_objeto_inversa"/>
    <property name="os.arch" value="amd64"/>
    <property name="java.vm.specification.name" value="Java Virtual Machine Specification"/>
    <property name="sun.os.patch.level" value=""/>
    <property name="native.encoding" value="Cp1252"/>
    <property name="java.library.path" value="C:\Users\jmurua\Documents\eclipse\plugins\org.eclipse.justj.openjdk.hotspot.jre.full.win32.x86_64_17.0.2.v20220201-1208\jre\bin;C:\WINDOWS\Sun\Java\bin;C:\WINDOWS\system32;C:\WINDOWS;C:/Users/jmurua/Documents/eclipse//plugins/org.eclipse.justj.openjdk.hotspot.jre.full.win32.x86_64_17.0.2.v20220201-1208/jre/bin/server;C:/Users/jmurua/Documents/eclipse//plugins/org.eclipse.justj.openjdk.hotspot.jre.full.win32.x86_64_17.0.2.v20220201-1208/jre/bin;C:\WINDOWS\system32;C:\WINDOWS;C:\WINDOWS\System32\Wbem;C:\WINDOWS\System32\WindowsPowerShell\v1.0\;C:\WINDOWS\System32\OpenSSH\;C:\Program Files\Eclipse Adoptium\jdk-17.0.2.8-hotspot\bin;C:\Program Files\Common Files\Autodesk Shared\;C:\Program Files\MiKTeX\miktex\bin\x64\;C:\Program Files (x86)\MiKTeX 2.9\miktex\bin\;C:\Program Files\nodejs\;C:\Program Files\CMake\bin;C:\Program Files\MATLAB\MATLAB Compiler Runtime\v715\runtime\win64;C:\Program Files (x86)\Intel\Intel(R) Management Engine Components\DAL;C:\Program Files\Intel\Intel(R) Management Engine Components\DAL;C:\Program Files (x86)\Microsoft SQL Server\150\DTS\Binn\;C:\Program Files\Azure Data Studio\bin;C:\Program Files\Microsoft SQL Server\Client SDK\ODBC\130\Tools\Binn\;C:\Program Files\dotnet\;C:\Program Files\Microsoft SQL Server\120\Tools\Binn\;C:\Program Files\Docker\Docker\resources\bin;C:\ProgramData\DockerDesktop\version-bin;C:\Program Files\PowerShell\7\;C:\Program Files\Microsoft SQL Server\150\Tools\Binn\;C:\Users\jmurua\AppData\Local\Programs\Python\Python39\Scripts\;C:\Users\jmurua\AppData\Local\Programs\Python\Python39\;C:\ProgramData\Oracle\Java\javapath;C:\Windows\system32;C:\Windows;C:\Windows\System32\Wbem;C:\Windows\System32\WindowsPowerShell\v1.0\;C:\Program Files (x86)\QuickTime\QTSystem\;C:\Program Files\Microsoft SQL Server\120\Tools\Binn\;C:\Program Files\MATLAB\MATLAB Compiler Runtime\v715\runtime\win64;C:\Program Files\Common Files\Autodesk Shared\;C:\Program Files (x86)\Autodesk\Backburner\;C:\Program Files (x86)\Windows Kits\8.1\Windows Performance Toolkit\;C:\Program Files\Microsoft SQL Server\110\Tools\Binn\;c:\Program Files (x86)\Microsoft SQL Server\110\Tools\Binn\;c:\Program Files\Microsoft SQL Server\110\DTS\Binn\;C:\Program Files (x86)\MiKTeX 2.9\miktex\bin\;C:\Program Files (x86)\LyX 2.2\Perl\bin;C:\Users\jmurua\AppData\Local\Programs\Git\cmd;C:\Users\jmurua\AppData\Local\Microsoft\WindowsApps;C:\Users\jmurua\AppData\Roaming\npm;C:\Users\jmurua\AppData\Local\Microsoft\WindowsApps;C:\Users\jmurua\AppData\Local\Programs\Microsoft VS Code\bin;C:\Users\jmurua\.dotnet\tools;;C:\Users\jmurua\Documents\eclipse;;."/>
    <property name="java.vm.info" value="mixed mode"/>
    <property name="java.vendor" value="Eclipse Adoptium"/>
    <property name="java.vm.version" value="17.0.2+8"/>
    <property name="sun.io.unicode.encoding" value="UnicodeLittle"/>
    <property name="java.class.version" value="61.0"/>
  </properties>
  <testcase name="seRecuperaUnaPersonaSegunSuNombreYApellidos" classname="es.susosise.organizacion_mvc_objeto_inversa.ModeloTests" time="0.155"/>
  <testcase name="seRecuperaUnaPersonaSegunSuIndiceEnLaLista" classname="es.susosise.organizacion_mvc_objeto_inversa.ModeloTests" time="0.022"/>
  <testcase name="seCreaYseGuardaYseRecuperaUnaNuevaPersona" classname="es.susosise.organizacion_mvc_objeto_inversa.ModeloTests" time="0.018"/>
  <testcase name="inicializarLaPersistenciaCreaUnaListaDePersonasVacia" classname="es.susosise.organizacion_mvc_objeto_inversa.ModeloTests" time="0.013"/>
  <testcase name="conLaListaDePersonasVaciaNoDaErrorIntentarRecuperarUna" classname="es.susosise.organizacion_mvc_objeto_inversa.ModeloTests" time="0.013"/>
  <testcase name="alIntentarRecuperarUnaPersonaQueNoExisteDevuelveNull" classname="es.susosise.organizacion_mvc_objeto_inversa.ModeloTests" time="0.02"/>
</testsuite>